  Application.cpp
c:\users\jin\source\repos\lab04\lab04\unsortedlist.h(4): warning C4005: 'MAXSIZE': 매크로 재정의
  c:\users\jin\source\repos\lab04\lab04\sortedlist.h(4): note: 'MAXSIZE'의 이전 정의를 참조하십시오.
c:\users\jin\source\repos\lab04\lab04\application.cpp(139): error C2065: 'ContainerList': 선언되지 않은 식별자입니다.
c:\users\jin\source\repos\lab04\lab04\application.cpp(143): error C2039: 'GetLocation': 'ContainerType'의 멤버가 아닙니다.
  c:\users\jin\source\repos\lab04\lab04\containertype.h(13): note: 'ContainerType' 선언을 참조하십시오.
c:\users\jin\source\repos\lab04\lab04\application.cpp(147): error C2065: 'ContainerList': 선언되지 않은 식별자입니다.
c:\users\jin\source\repos\lab04\lab04\application.cpp(152): error C2065: 'ContainerList': 선언되지 않은 식별자입니다.
c:\users\jin\source\repos\lab04\lab04\application.cpp(178): error C2065: 'ContainerList': 선언되지 않은 식별자입니다.
c:\users\jin\source\repos\lab04\lab04\application.cpp(182): error C2039: 'GetLocation': 'ContainerType'의 멤버가 아닙니다.
  c:\users\jin\source\repos\lab04\lab04\containertype.h(13): note: 'ContainerType' 선언을 참조하십시오.
c:\users\jin\source\repos\lab04\lab04\application.cpp(186): error C2065: 'ContainerList': 선언되지 않은 식별자입니다.
c:\users\jin\source\repos\lab04\lab04\application.cpp(191): error C2065: 'ContainerList': 선언되지 않은 식별자입니다.
c:\users\jin\source\repos\lab04\lab04\application.cpp(294): error C2065: 'ContainerList': 선언되지 않은 식별자입니다.
c:\users\jin\source\repos\lab04\lab04\application.cpp(317): error C2065: 'ContainerList': 선언되지 않은 식별자입니다.
c:\users\jin\source\repos\lab04\lab04\application.cpp(483): error C2065: 'ContainerList': 선언되지 않은 식별자입니다.
c:\users\jin\source\repos\lab04\lab04\application.cpp(485): error C2065: 'ContainerList': 선언되지 않은 식별자입니다.
c:\users\jin\source\repos\lab04\lab04\application.cpp(487): error C2039: 'GetLocation': 'ContainerType'의 멤버가 아닙니다.
  c:\users\jin\source\repos\lab04\lab04\containertype.h(13): note: 'ContainerType' 선언을 참조하십시오.
c:\users\jin\source\repos\lab04\lab04\application.cpp(516): error C2084: 'void Application::ReplaceItem(void)' 함수에 이미 본문이 있습니다.
  c:\users\jin\source\repos\lab04\lab04\application.cpp(387): note: 'ReplaceItem'의 이전 정의를 참조하십시오.
c:\users\jin\source\repos\lab04\lab04\application.cpp(560): error C2065: 'ContainerList': 선언되지 않은 식별자입니다.
c:\users\jin\source\repos\lab04\lab04\application.cpp(562): error C2065: 'ContainerList': 선언되지 않은 식별자입니다.
c:\users\jin\source\repos\lab04\lab04\application.cpp(565): error C2039: 'GetLocation': 'ContainerType'의 멤버가 아닙니다.
  c:\users\jin\source\repos\lab04\lab04\containertype.h(13): note: 'ContainerType' 선언을 참조하십시오.
c:\users\jin\source\repos\lab04\lab04\application.cpp(657): error C2065: 'ContainerList': 선언되지 않은 식별자입니다.
c:\users\jin\source\repos\lab04\lab04\application.cpp(663): error C2065: 'ContainerList': 선언되지 않은 식별자입니다.
c:\users\jin\source\repos\lab04\lab04\application.cpp(679): error C2065: 'ContainerList': 선언되지 않은 식별자입니다.
c:\users\jin\source\repos\lab04\lab04\application.cpp(693): error C2065: 'ContainerList': 선언되지 않은 식별자입니다.
c:\users\jin\source\repos\lab04\lab04\application.cpp(701): error C2065: 'ContainerList': 선언되지 않은 식별자입니다.
c:\users\jin\source\repos\lab04\lab04\application.cpp(724): error C2065: 'ContainerList': 선언되지 않은 식별자입니다.
c:\users\jin\source\repos\lab04\lab04\application.cpp(735): error C2065: 'ContainerList': 선언되지 않은 식별자입니다.
  ContainerType.cpp
c:\users\jin\source\repos\lab04\lab04\unsortedlist.h(4): warning C4005: 'MAXSIZE': 매크로 재정의
  c:\users\jin\source\repos\lab04\lab04\sortedlist.h(4): note: 'MAXSIZE'의 이전 정의를 참조하십시오.
c:\users\jin\source\repos\lab04\lab04\containertype.h(13): error C2504: 'Base': 기본 클래스를 정의하지 않았습니다.
  ItemType.cpp
  StorageType.cpp
c:\users\jin\source\repos\lab04\lab04\unsortedlist.h(4): warning C4005: 'MAXSIZE': 매크로 재정의
  c:\users\jin\source\repos\lab04\lab04\sortedlist.h(4): note: 'MAXSIZE'의 이전 정의를 참조하십시오.
c:\users\jin\source\repos\lab04\lab04\singlelinkedlist.h(111): error C2662: 'void SingleLinkedList<ContainerType>::ResetList(void)': 'this' 포인터를 'const SingleLinkedList<ContainerType>'에서 'SingleLinkedList<ContainerType> &'(으)로 변환할 수 없습니다.
  c:\users\jin\source\repos\lab04\lab04\singlelinkedlist.h(111): note: 변환하면서 한정자가 손실됩니다.
  c:\users\jin\source\repos\lab04\lab04\singlelinkedlist.h(104): note: 클래스 템플릿 멤버 함수 'void SingleLinkedList<ContainerType>::operator =(const SingleLinkedList<ContainerType> &)'을(를) 컴파일하고 있습니다.
  c:\users\jin\source\repos\lab04\lab04\storagetype.h(162): note: 컴파일 중인 함수 템플릿 인스턴스화 'void SingleLinkedList<ContainerType>::operator =(const SingleLinkedList<ContainerType> &)'에 대한 참조를 확인하십시오.
  c:\users\jin\source\repos\lab04\lab04\storagetype.h(170): note: 컴파일 중인 클래스 템플릿 인스턴스화 'SingleLinkedList<ContainerType>'에 대한 참조를 확인하세요.
c:\users\jin\source\repos\lab04\lab04\singlelinkedlist.h(117): error C2662: 'void SingleLinkedList<ContainerType>::GetNextItem(T &)': 'this' 포인터를 'const SingleLinkedList<ContainerType>'에서 'SingleLinkedList<ContainerType> &'(으)로 변환할 수 없습니다.
          with
          [
              T=ContainerType
          ]
  c:\users\jin\source\repos\lab04\lab04\singlelinkedlist.h(117): note: 변환하면서 한정자가 손실됩니다.
  TempType.cpp
  코드를 생성하고 있습니다...
